2020:10:04 00:43:02.060 WARN  --- [restartedMain] com.rubypaper.LoggingRunner : WARN ë¡œê·¸ ë©”ì‹œì§€ 
2020:10:04 00:43:02.068 ERROR --- [restartedMain] com.rubypaper.LoggingRunner : ERROR ë¡œê·¸ ë©”ì‹œì§€ 
2020:10:04 00:49:07.469 WARN  --- [restartedMain] com.rubypaper.LoggingRunner : WARN ë¡œê·¸ ë©”ì‹œì§€ 
2020:10:04 00:49:07.470 ERROR --- [restartedMain] com.rubypaper.LoggingRunner : ERROR ë¡œê·¸ ë©”ì‹œì§€ 
2020:10:04 00:49:10.705 WARN  --- [restartedMain] com.rubypaper.LoggingRunner : WARN ë¡œê·¸ ë©”ì‹œì§€ 
2020:10:04 00:49:10.707 ERROR --- [restartedMain] com.rubypaper.LoggingRunner : ERROR ë¡œê·¸ ë©”ì‹œì§€ 
2020:10:04 00:49:14.011 WARN  --- [restartedMain] com.rubypaper.LoggingRunner : WARN ë¡œê·¸ ë©”ì‹œì§€ 
2020:10:04 00:49:14.012 ERROR --- [restartedMain] com.rubypaper.LoggingRunner : ERROR ë¡œê·¸ ë©”ì‹œì§€ 
2020:10:04 00:50:56.890 WARN  --- [restartedMain] com.rubypaper.LoggingRunner : WARN ë¡œê·¸ ë©”ì‹œì§€ 
2020:10:04 00:50:56.891 ERROR --- [restartedMain] com.rubypaper.LoggingRunner : ERROR ë¡œê·¸ ë©”ì‹œì§€ 
2020:10:04 00:56:14.312 WARN  --- [restartedMain] com.rubypaper.LoggingRunner : WARN ë¡œê·¸ ë©”ì‹œì§€ 
2020:10:04 00:56:14.313 ERROR --- [restartedMain] com.rubypaper.LoggingRunner : ERROR ë¡œê·¸ ë©”ì‹œì§€ 
2020:10:04 00:56:20.174 WARN  --- [main] com.rubypaper.LoggingRunner : WARN ë¡œê·¸ ë©”ì‹œì§€ 
2020:10:04 00:56:20.179 ERROR --- [main] com.rubypaper.LoggingRunner : ERROR ë¡œê·¸ ë©”ì‹œì§€ 
2020:10:04 00:56:46.401 WARN  --- [restartedMain] com.rubypaper.LoggingRunner : WARN ë¡œê·¸ ë©”ì‹œì§€ 
2020:10:04 00:56:46.402 ERROR --- [restartedMain] com.rubypaper.LoggingRunner : ERROR ë¡œê·¸ ë©”ì‹œì§€ 
2020:10:04 00:57:00.293 WARN  --- [restartedMain] com.rubypaper.LoggingRunner : WARN ë¡œê·¸ ë©”ì‹œì§€ 
2020:10:04 00:57:00.294 ERROR --- [restartedMain] com.rubypaper.LoggingRunner : ERROR ë¡œê·¸ ë©”ì‹œì§€ 
2020:10:04 00:57:16.746 WARN  --- [restartedMain] com.rubypaper.LoggingRunner : WARN ë¡œê·¸ ë©”ì‹œì§€ 
2020:10:04 00:57:16.746 ERROR --- [restartedMain] com.rubypaper.LoggingRunner : ERROR ë¡œê·¸ ë©”ì‹œì§€ 
2020:10:04 00:57:31.480 WARN  --- [restartedMain] com.rubypaper.LoggingRunner : WARN ë¡œê·¸ ë©”ì‹œì§€ 
2020:10:04 00:57:31.481 ERROR --- [restartedMain] com.rubypaper.LoggingRunner : ERROR ë¡œê·¸ ë©”ì‹œì§€ 
2020:10:04 00:57:54.953 WARN  --- [restartedMain] com.rubypaper.LoggingRunner : WARN ë¡œê·¸ ë©”ì‹œì§€ 
2020:10:04 00:57:54.953 ERROR --- [restartedMain] com.rubypaper.LoggingRunner : ERROR ë¡œê·¸ ë©”ì‹œì§€ 
2020:10:04 00:58:49.372 WARN  --- [restartedMain] com.rubypaper.LoggingRunner : WARN ë¡œê·¸ ë©”ì‹œì§€ 
2020:10:04 00:58:49.372 ERROR --- [restartedMain] com.rubypaper.LoggingRunner : ERROR ë¡œê·¸ ë©”ì‹œì§€ 
2020:10:04 00:59:46.615 WARN  --- [restartedMain] com.rubypaper.LoggingRunner : WARN ë¡œê·¸ ë©”ì‹œì§€ 
2020:10:04 00:59:46.616 ERROR --- [restartedMain] com.rubypaper.LoggingRunner : ERROR ë¡œê·¸ ë©”ì‹œì§€ 
2020:10:04 01:00:10.127 WARN  --- [restartedMain] com.rubypaper.LoggingRunner : WARN ë¡œê·¸ ë©”ì‹œì§€ 
2020:10:04 01:00:10.127 ERROR --- [restartedMain] com.rubypaper.LoggingRunner : ERROR ë¡œê·¸ ë©”ì‹œì§€ 
2020:10:04 01:00:58.675 WARN  --- [restartedMain] com.rubypaper.LoggingRunner : WARN ë¡œê·¸ ë©”ì‹œì§€ 
2020:10:04 01:00:58.679 ERROR --- [restartedMain] com.rubypaper.LoggingRunner : ERROR ë¡œê·¸ ë©”ì‹œì§€ 
2020:10:04 01:01:32.122 WARN  --- [main] com.rubypaper.LoggingRunner : WARN ë¡œê·¸ ë©”ì‹œì§€ 
2020:10:04 01:01:32.126 ERROR --- [main] com.rubypaper.LoggingRunner : ERROR ë¡œê·¸ ë©”ì‹œì§€ 
2020:10:04 01:02:16.915 WARN  --- [main] com.rubypaper.LoggingRunner : WARN ·Î±× ¸Þ½ÃÁö 
2020:10:04 01:02:16.918 ERROR --- [main] com.rubypaper.LoggingRunner : ERROR ·Î±× ¸Þ½ÃÁö 
2020:10:04 01:02:17.949 WARN  --- [main] com.rubypaper.LoggingRunner : WARN ·Î±× ¸Þ½ÃÁö 
2020:10:04 01:02:17.950 ERROR --- [main] com.rubypaper.LoggingRunner : ERROR ·Î±× ¸Þ½ÃÁö 
